<?xml version="1.0" encoding="UTF-8"?>
<testng-results ignored="0" total="1" passed="1" failed="0" skipped="0">
  <reporter-output>
  </reporter-output>
  <suite started-at="2021-09-19T10:54:29 IST" name="Default suite" finished-at="2021-09-19T10:54:54 IST" duration-ms="25209">
    <groups>
    </groups>
    <test started-at="2021-09-19T10:54:29 IST" name="Default test" finished-at="2021-09-19T10:54:54 IST" duration-ms="25209">
      <class name="jsonproject.DemoTest">
        <test-method is-config="true" signature="setUp()[pri:0, instance:jsonproject.DemoTest@51f116b8]" started-at="2021-09-19T10:54:29 IST" name="setUp" finished-at="2021-09-19T10:54:52 IST" duration-ms="22382" status="PASS">
          <reporter-output>
          </reporter-output>
        </test-method> <!-- setUp -->
        <test-method signature="testDemo()[pri:0, instance:jsonproject.DemoTest@51f116b8]" started-at="2021-09-19T10:54:52 IST" name="testDemo" finished-at="2021-09-19T10:54:54 IST" duration-ms="2762" status="PASS">
          <reporter-output>
          </reporter-output>
        </test-method> <!-- testDemo -->
        <test-method is-config="true" signature="tearDown()[pri:0, instance:jsonproject.DemoTest@51f116b8]" started-at="2021-09-19T10:54:54 IST" name="tearDown" finished-at="2021-09-19T10:54:54 IST" duration-ms="0" status="PASS">
          <reporter-output>
          </reporter-output>
        </test-method> <!-- tearDown -->
      </class> <!-- jsonproject.DemoTest -->
    </test> <!-- Default test -->
  </suite> <!-- Default suite -->
</testng-results>
